<?xml version="1.0" encoding="UTF-8"?>
<testng-results skipped="0" failed="0" total="1" passed="1">
  <reporter-output>
  </reporter-output>
  <suite name="Default suite" duration-ms="28994" started-at="2016-09-03T11:39:15Z" finished-at="2016-09-03T11:39:44Z">
    <groups>
    </groups>
    <test name="Default test" duration-ms="28994" started-at="2016-09-03T11:39:15Z" finished-at="2016-09-03T11:39:44Z">
      <class name="com.ruchi.testSuite.Demo1">
        <test-method status="PASS" signature="launch()[pri:0, instance:com.ruchi.testSuite.Demo1@2bcfcb]" name="launch" duration-ms="28887" started-at="2016-09-03T17:09:15Z" finished-at="2016-09-03T17:09:44Z">
          <reporter-output>
          </reporter-output>
        </test-method> <!-- launch -->
      </class> <!-- com.ruchi.testSuite.Demo1 -->
    </test> <!-- Default test -->
  </suite> <!-- Default suite -->
</testng-results>
